<?xml version="1.0" encoding="UTF-8"?>
<!-- Generated by org.testng.reporters.JUnitXMLReporter -->
<testsuite ignored="0" hostname="NOI-PG037B2M" failures="0" tests="2" name="Default test" time="21.265" errors="0" timestamp="2024-11-18T22:47:18 IST">
  <testcase classname="PracticePackageforSbi.PracticeProjectforSbi.SBIloginTest" name="TestSBIlogin" time="10.85"/>
  <testcase classname="PracticePackageforSbi.PracticeProjectforSbi.SBIloginTest" name="TestSBIlogin" time="9.112"/>
</testsuite> <!-- Default test -->
