<?xml version="1.0" encoding="UTF-8"?>
<testng-results ignored="0" total="2" passed="2" failed="0" skipped="0">
  <reporter-output>
  </reporter-output>
  <suite started-at="2024-11-18T22:46:57 IST" name="Default suite" finished-at="2024-11-18T22:47:18 IST" duration-ms="21265">
    <groups>
    </groups>
    <test started-at="2024-11-18T22:46:57 IST" name="Default test" finished-at="2024-11-18T22:47:18 IST" duration-ms="21265">
      <class name="PracticePackageforSbi.PracticeProjectforSbi.SBIloginTest">
        <test-method signature="TestSBIlogin(java.lang.String,java.lang.String)[pri:0, instance:PracticePackageforSbi.PracticeProjectforSbi.SBIloginTest@61001b64]" started-at="2024-11-18T22:46:58 IST" name="TestSBIlogin" data-provider="inputs" finished-at="2024-11-18T22:47:09 IST" duration-ms="10850" status="PASS">
          <params>
            <param index="0">
              <value>
                <![CDATA[saneepg181]]>
              </value>
            </param>
            <param index="1">
              <value>
                <![CDATA[India@4321]]>
              </value>
            </param>
          </params>
          <reporter-output>
          </reporter-output>
        </test-method> <!-- TestSBIlogin -->
        <test-method signature="TestSBIlogin(java.lang.String,java.lang.String)[pri:0, instance:PracticePackageforSbi.PracticeProjectforSbi.SBIloginTest@61001b64]" started-at="2024-11-18T22:47:09 IST" name="TestSBIlogin" data-provider="inputs" finished-at="2024-11-18T22:47:18 IST" duration-ms="9112" status="PASS">
          <params>
            <param index="0">
              <value>
                <![CDATA[saneepg95]]>
              </value>
            </param>
            <param index="1">
              <value>
                <![CDATA[India@123]]>
              </value>
            </param>
          </params>
          <reporter-output>
          </reporter-output>
        </test-method> <!-- TestSBIlogin -->
      </class> <!-- PracticePackageforSbi.PracticeProjectforSbi.SBIloginTest -->
    </test> <!-- Default test -->
  </suite> <!-- Default suite -->
</testng-results>
